# JRE version: Java(TM) SE Runtime Environment (8.0_371) (build 1.8.0_371-b11)
# Java VM: Java HotSpot(TM) 64-Bit Server VM (25.371-b11 mixed mode windows-amd64 compressed oops)
Heap:
 PSYoungGen      total 229376K, used 122008K [0x000000076b800000, 0x000000077d900000, 0x00000007c0000000)
  eden space 209920K, 58% used [0x000000076b800000,0x0000000772f263e0,0x0000000778500000)
  from space 19456K, 0% used [0x000000077c600000,0x000000077c600000,0x000000077d900000)
  to   space 15360K, 0% used [0x0000000778500000,0x0000000778500000,0x0000000779400000)
 ParOldGen       total 168448K, used 46580K [0x00000006c2800000, 0x00000006ccc80000, 0x000000076b800000)
  object space 168448K, 27% used [0x00000006c2800000,0x00000006c557d318,0x00000006ccc80000)
 Metaspace       used 59515K, capacity 62506K, committed 62848K, reserved 1105920K
  class space    used 7150K, capacity 7711K, committed 7808K, reserved 1048576K
GC Heap History (10 events):
Event: 8.028 GC heap before
{Heap before GC invocations=15 (full 2):
 PSYoungGen      total 217088K, used 217061K [0x000000076b800000, 0x000000077a300000, 0x00000007c0000000)
  eden space 207360K, 100% used [0x000000076b800000,0x0000000778280000,0x0000000778280000)
  from space 9728K, 99% used [0x0000000779980000,0x000000077a2f9678,0x000000077a300000)
  to   space 15360K, 0% used [0x0000000778500000,0x0000000778500000,0x0000000779400000)
 ParOldGen       total 168448K, used 31272K [0x00000006c2800000, 0x00000006ccc80000, 0x000000076b800000)
  object space 168448K, 18% used [0x00000006c2800000,0x00000006c468a3d8,0x00000006ccc80000)
 Metaspace       used 48742K, capacity 51238K, committed 51456K, reserved 1093632K
  class space    used 6409K, capacity 6877K, committed 6912K, reserved 1048576K
Event: 8.036 GC heap after
Heap after GC invocations=15 (full 2):
 PSYoungGen      total 222720K, used 5056K [0x000000076b800000, 0x000000077a300000, 0x00000007c0000000)
  eden space 207360K, 0% used [0x000000076b800000,0x000000076b800000,0x0000000778280000)
  from space 15360K, 32% used [0x0000000778500000,0x00000007789f00c0,0x0000000779400000)
  to   space 9728K, 0% used [0x0000000779980000,0x0000000779980000,0x000000077a300000)
 ParOldGen       total 168448K, used 38883K [0x00000006c2800000, 0x00000006ccc80000, 0x000000076b800000)
  object space 168448K, 23% used [0x00000006c2800000,0x00000006c4df8de0,0x00000006ccc80000)
 Metaspace       used 48742K, capacity 51238K, committed 51456K, reserved 1093632K
  class space    used 6409K, capacity 6877K, committed 6912K, reserved 1048576K
}
Event: 9.226 GC heap before
{Heap before GC invocations=16 (full 2):
 PSYoungGen      total 222720K, used 212416K [0x000000076b800000, 0x000000077a300000, 0x00000007c0000000)
  eden space 207360K, 100% used [0x000000076b800000,0x0000000778280000,0x0000000778280000)
  from space 15360K, 32% used [0x0000000778500000,0x00000007789f00c0,0x0000000779400000)
  to   space 9728K, 0% used [0x0000000779980000,0x0000000779980000,0x000000077a300000)
 ParOldGen       total 168448K, used 38883K [0x00000006c2800000, 0x00000006ccc80000, 0x000000076b800000)
  object space 168448K, 23% used [0x00000006c2800000,0x00000006c4df8de0,0x00000006ccc80000)
 Metaspace       used 50904K, capacity 53518K, committed 53760K, reserved 1095680K
  class space    used 6589K, capacity 7081K, committed 7168K, reserved 1048576K
Event: 9.231 GC heap after
Heap after GC invocations=16 (full 2):
 PSYoungGen      total 217088K, used 8699K [0x000000076b800000, 0x000000077a300000, 0x00000007c0000000)
  eden space 207360K, 0% used [0x000000076b800000,0x000000076b800000,0x0000000778280000)
  from space 9728K, 89% used [0x0000000779980000,0x000000077a1fedd0,0x000000077a300000)
  to   space 15360K, 0% used [0x0000000778500000,0x0000000778500000,0x0000000779400000)
 ParOldGen       total 168448K, used 39811K [0x00000006c2800000, 0x00000006ccc80000, 0x000000076b800000)
  object space 168448K, 23% used [0x00000006c2800000,0x00000006c4ee0e70,0x00000006ccc80000)
 Metaspace       used 50904K, capacity 53518K, committed 53760K, reserved 1095680K
  class space    used 6589K, capacity 7081K, committed 7168K, reserved 1048576K
}
Event: 10.907 GC heap before
{Heap before GC invocations=17 (full 2):
 PSYoungGen      total 217088K, used 216059K [0x000000076b800000, 0x000000077a300000, 0x00000007c0000000)
  eden space 207360K, 100% used [0x000000076b800000,0x0000000778280000,0x0000000778280000)
  from space 9728K, 89% used [0x0000000779980000,0x000000077a1fedd0,0x000000077a300000)
  to   space 15360K, 0% used [0x0000000778500000,0x0000000778500000,0x0000000779400000)
 ParOldGen       total 168448K, used 39811K [0x00000006c2800000, 0x00000006ccc80000, 0x000000076b800000)
  object space 168448K, 23% used [0x00000006c2800000,0x00000006c4ee0e70,0x00000006ccc80000)
 Metaspace       used 54771K, capacity 57482K, committed 57600K, reserved 1099776K
  class space    used 6813K, capacity 7315K, committed 7424K, reserved 1048576K
Event: 10.914 GC heap after
Heap after GC invocations=17 (full 2):
 PSYoungGen      total 225280K, used 13852K [0x000000076b800000, 0x000000077d900000, 0x00000007c0000000)
  eden space 209920K, 0% used [0x000000076b800000,0x000000076b800000,0x0000000778500000)
  from space 15360K, 90% used [0x0000000778500000,0x0000000779287200,0x0000000779400000)
  to   space 19456K, 0% used [0x000000077c600000,0x000000077c600000,0x000000077d900000)
 ParOldGen       total 168448K, used 39819K [0x00000006c2800000, 0x00000006ccc80000, 0x000000076b800000)
  object space 168448K, 23% used [0x00000006c2800000,0x00000006c4ee2e70,0x00000006ccc80000)
 Metaspace       used 54771K, capacity 57482K, committed 57600K, reserved 1099776K
  class space    used 6813K, capacity 7315K, committed 7424K, reserved 1048576K
}
Event: 11.389 GC heap before
{Heap before GC invocations=18 (full 2):
 PSYoungGen      total 225280K, used 110739K [0x000000076b800000, 0x000000077d900000, 0x00000007c0000000)
  eden space 209920K, 46% used [0x000000076b800000,0x000000077169db20,0x0000000778500000)
  from space 15360K, 90% used [0x0000000778500000,0x0000000779287200,0x0000000779400000)
  to   space 19456K, 0% used [0x000000077c600000,0x000000077c600000,0x000000077d900000)
 ParOldGen       total 168448K, used 39819K [0x00000006c2800000, 0x00000006ccc80000, 0x000000076b800000)
  object space 168448K, 23% used [0x00000006c2800000,0x00000006c4ee2e70,0x00000006ccc80000)
 Metaspace       used 56298K, capacity 59098K, committed 59136K, reserved 1101824K
  class space    used 6892K, capacity 7403K, committed 7424K, reserved 1048576K
Event: 11.397 GC heap after
Heap after GC invocations=18 (full 2):
 PSYoungGen      total 229376K, used 15696K [0x000000076b800000, 0x000000077d900000, 0x00000007c0000000)
  eden space 209920K, 0% used [0x000000076b800000,0x000000076b800000,0x0000000778500000)
  from space 19456K, 80% used [0x000000077c600000,0x000000077d554090,0x000000077d900000)
  to   space 15360K, 0% used [0x0000000778500000,0x0000000778500000,0x0000000779400000)
 ParOldGen       total 168448K, used 39827K [0x00000006c2800000, 0x00000006ccc80000, 0x000000076b800000)
  object space 168448K, 23% used [0x00000006c2800000,0x00000006c4ee4e70,0x00000006ccc80000)
 Metaspace       used 56298K, capacity 59098K, committed 59136K, reserved 1101824K
  class space    used 6892K, capacity 7403K, committed 7424K, reserved 1048576K
}
Event: 11.397 GC heap before
{Heap before GC invocations=19 (full 3):
 PSYoungGen      total 229376K, used 15696K [0x000000076b800000, 0x000000077d900000, 0x00000007c0000000)
  eden space 209920K, 0% used [0x000000076b800000,0x000000076b800000,0x0000000778500000)
  from space 19456K, 80% used [0x000000077c600000,0x000000077d554090,0x000000077d900000)
  to   space 15360K, 0% used [0x0000000778500000,0x0000000778500000,0x0000000779400000)
 ParOldGen       total 168448K, used 39827K [0x00000006c2800000, 0x00000006ccc80000, 0x000000076b800000)
  object space 168448K, 23% used [0x00000006c2800000,0x00000006c4ee4e70,0x00000006ccc80000)
 Metaspace       used 56298K, capacity 59098K, committed 59136K, reserved 1101824K
  class space    used 6892K, capacity 7403K, committed 7424K, reserved 1048576K
Event: 11.576 GC heap after
Heap after GC invocations=19 (full 3):
 PSYoungGen      total 229376K, used 0K [0x000000076b800000, 0x000000077d900000, 0x00000007c0000000)
  eden space 209920K, 0% used [0x000000076b800000,0x000000076b800000,0x0000000778500000)
  from space 19456K, 0% used [0x000000077c600000,0x000000077c600000,0x000000077d900000)
  to   space 15360K, 0% used [0x0000000778500000,0x0000000778500000,0x0000000779400000)
 ParOldGen       total 168448K, used 46580K [0x00000006c2800000, 0x00000006ccc80000, 0x000000076b800000)
  object space 168448K, 27% used [0x00000006c2800000,0x00000006c557d318,0x00000006ccc80000)
 Metaspace       used 56298K, capacity 59098K, committed 59136K, reserved 1101824K
  class space    used 6892K, capacity 7403K, committed 7424K, reserved 1048576K
}

